2011-12-21 19:21:52.134+0100: Creating new db @ /Users/mikael/developpement/java/workspace/cda2neo4j/neo4j-store/neostore
2011-12-21 19:21:52.291+0100: Opened [/Users/mikael/developpement/java/workspace/cda2neo4j/neo4j-store/nioneo_logical.log.1] clean empty log, version=0, lastTxId=1
2011-12-21 19:21:52.349+0100: Opened [/Users/mikael/developpement/java/workspace/cda2neo4j/neo4j-store/index/lucene.log.1] clean empty log, version=0, lastTxId=1
2011-12-21 19:21:52.352+0100: TM new log: tm_tx_log.1
2011-12-21 19:21:52.372+0100: --- CONFIGURATION START ---
2011-12-21 19:21:52.372+0100: Graph Database: org.neo4j.kernel.EmbeddedGraphDatabase StoreId[time:1324491712192, id:-6313848639014695106, store version: 13561656364791302]
2011-12-21 19:21:52.373+0100: Physical mem: 6144MB, Heap size: 1114MB
2011-12-21 19:21:52.374+0100: Kernel version: Neo4j - Graph Database Kernel 1.6.M01
2011-12-21 19:21:52.374+0100: Neo4j component versions:
2011-12-21 19:21:52.375+0100:   Neo4j - Graph Database Kernel 1.6.M01
2011-12-21 19:21:52.375+0100: Store versions:
2011-12-21 19:21:52.375+0100:   NeoStore v0.A.0
2011-12-21 19:21:52.375+0100:   NodeStore v0.A.0
2011-12-21 19:21:52.375+0100:   RelationshipStore v0.A.0
2011-12-21 19:21:52.375+0100:   RelationshipTypeStore v0.A.0
2011-12-21 19:21:52.375+0100:   PropertyStore v0.A.0
2011-12-21 19:21:52.375+0100:   PropertyIndexStore v0.A.0
2011-12-21 19:21:52.375+0100:   StringPropertyStore v0.A.0
2011-12-21 19:21:52.376+0100:   ArrayPropertyStore v0.A.0
2011-12-21 19:21:52.566+0100: Process id: 63198@OCTO-MRO.local
2011-12-21 19:21:52.574+0100: Operating System: Mac OS X; version: 10.7.2; arch: x86_64; cpus: 4
2011-12-21 19:21:52.574+0100: Max number of file descriptors: 10240
2011-12-21 19:21:52.574+0100: Number of open file descriptors: 100
2011-12-21 19:21:52.576+0100: Total Physical memory: 6,00 GB
2011-12-21 19:21:52.576+0100: Free Physical memory: 128,00 MB
2011-12-21 19:21:52.576+0100: Committed virtual memory: 64,00 MB
2011-12-21 19:21:52.577+0100: Total swap space: 0,00 B
2011-12-21 19:21:52.577+0100: Free swap space: 0,00 B
2011-12-21 19:21:52.577+0100: Byte order: LITTLE_ENDIAN
2011-12-21 19:21:52.578+0100: VM Name: OpenJDK 64-Bit Server VM
2011-12-21 19:21:52.578+0100: VM Vendor: Oracle Corporation
2011-12-21 19:21:52.578+0100: VM Version: 21.0-b17
2011-12-21 19:21:52.578+0100: JIT compiler: HotSpot 64-Bit Tiered Compilers
2011-12-21 19:21:52.582+0100: Class Path:
2011-12-21 19:21:52.583+0100:    [classpath + loader.0] file:/Users/mikael/.m2/repository/org/apache/lucene/lucene-core/3.1.0/lucene-core-3.1.0.jar
2011-12-21 19:21:52.583+0100:    [loader.1] file:/System/Library/Java/Extensions/dns_sd.jar
2011-12-21 19:21:52.583+0100:    [classpath + loader.0] file:/Users/mikael/.m2/repository/org/neo4j/neo4j-cypher/1.6.M01/neo4j-cypher-1.6.M01.jar
2011-12-21 19:21:52.583+0100:    [loader.1] file:/System/Library/Java/Extensions/j3dutils.jar
2011-12-21 19:21:52.583+0100:    [classpath + loader.0] file:/Users/mikael/.m2/repository/org/neo4j/neo4j/1.6.M01/neo4j-1.6.M01.jar
2011-12-21 19:21:52.583+0100:    [classpath + loader.0] file:/Users/mikael/.m2/repository/org/neo4j/neo4j-graph-matching/1.6.M01/neo4j-graph-matching-1.6.M01.jar
2011-12-21 19:21:52.583+0100:    [loader.1] file:/System/Library/Java/Extensions/MRJToolkit.jar
2011-12-21 19:21:52.583+0100:    [loader.1] file:/System/Library/Java/Extensions/jai_core.jar
2011-12-21 19:21:52.583+0100:    [classpath + loader.0] file:/Users/mikael/.m2/repository/commons-io/commons-io/2.0.1/commons-io-2.0.1.jar
2011-12-21 19:21:52.583+0100:    [loader.1] file:/Library/Java/JavaVirtualMachines/JDK%201.7.0%20Developer%20Preview.jdk/Contents/Home/jre/lib/ext/dnsns.jar
2011-12-21 19:21:52.583+0100:    [loader.1] file:/System/Library/Java/Extensions/vecmath.jar
2011-12-21 19:21:52.583+0100:    [loader.1] file:/System/Library/Java/Extensions/libmlib_jai.jnilib
2011-12-21 19:21:52.583+0100:    [loader.1] file:/Library/Java/JavaVirtualMachines/JDK%201.7.0%20Developer%20Preview.jdk/Contents/Home/jre/lib/ext/sunec.jar
2011-12-21 19:21:52.583+0100:    [loader.1] file:/System/Library/Java/Extensions/jai_codec.jar
2011-12-21 19:21:52.583+0100:    [classpath + loader.0] file:/Users/mikael/.m2/repository/org/neo4j/neo4j-kernel/1.6.M01/neo4j-kernel-1.6.M01.jar
2011-12-21 19:21:52.583+0100:    [classpath + loader.0] file:/Users/mikael/.m2/repository/org/neo4j/neo4j-graph-algo/1.6.M01/neo4j-graph-algo-1.6.M01.jar
2011-12-21 19:21:52.583+0100:    [bootstrap] /Library/Java/JavaVirtualMachines/JDK 1.7.0 Developer Preview.jdk/Contents/Home/jre/lib/JObjC.jar
2011-12-21 19:21:52.583+0100:    [classpath + loader.0] file:/Users/mikael/developpement/java/workspace/cda2neo4j/target/classes/
2011-12-21 19:21:52.583+0100:    [classpath + loader.0] file:/Users/mikael/.m2/repository/org/neo4j/neo4j-udc/1.6.M01/neo4j-udc-1.6.M01.jar
2011-12-21 19:21:52.583+0100:    [classpath + loader.0] file:/Users/mikael/.m2/repository/commons-cli/commons-cli/1.2/commons-cli-1.2.jar
2011-12-21 19:21:52.584+0100:    [loader.1] file:/System/Library/Java/Extensions/libJ3D.jnilib
2011-12-21 19:21:52.584+0100:    [loader.1] file:/Library/Java/JavaVirtualMachines/JDK%201.7.0%20Developer%20Preview.jdk/Contents/Home/jre/lib/ext/sunjce_provider.jar
2011-12-21 19:21:52.584+0100:    [bootstrap] /Library/Java/JavaVirtualMachines/JDK 1.7.0 Developer Preview.jdk/Contents/Home/jre/lib/jsse.jar
2011-12-21 19:21:52.584+0100:    [classpath + loader.0] file:/Users/mikael/.m2/repository/org/apache/geronimo/specs/geronimo-jta_1.1_spec/1.1.1/geronimo-jta_1.1_spec-1.1.1.jar
2011-12-21 19:21:52.584+0100:    [classpath + loader.0] file:/Users/mikael/.m2/repository/org/scala-lang/scala-library/2.9.0-1/scala-library-2.9.0-1.jar
2011-12-21 19:21:52.584+0100:    [loader.1] file:/System/Library/Java/Extensions/mlibwrapper_jai.jar
2011-12-21 19:21:52.584+0100:    [bootstrap] /Library/Java/JavaVirtualMachines/JDK 1.7.0 Developer Preview.jdk/Contents/Home/jre/lib/sunrsasign.jar
2011-12-21 19:21:52.584+0100:    [loader.1] file:/Library/Java/JavaVirtualMachines/JDK%201.7.0%20Developer%20Preview.jdk/Contents/Home/jre/lib/ext/localedata.jar
2011-12-21 19:21:52.584+0100:    [bootstrap] /Library/Java/JavaVirtualMachines/JDK 1.7.0 Developer Preview.jdk/Contents/Home/jre/lib/modules/jdk.boot.jar
2011-12-21 19:21:52.584+0100:    [loader.1] file:/System/Library/Java/Extensions/QTJava.zip
2011-12-21 19:21:52.584+0100:    [classpath + loader.0] file:/Users/mikael/.m2/repository/org/neo4j/neo4j-jmx/1.6.M01/neo4j-jmx-1.6.M01.jar
2011-12-21 19:21:52.584+0100:    [bootstrap] /Library/Java/JavaVirtualMachines/JDK 1.7.0 Developer Preview.jdk/Contents/Home/jre/classes
2011-12-21 19:21:52.584+0100:    [bootstrap] /Library/Java/JavaVirtualMachines/JDK 1.7.0 Developer Preview.jdk/Contents/Home/jre/lib/resources.jar
2011-12-21 19:21:52.584+0100:    [loader.1] file:/System/Library/Java/Extensions/libJ3DAudio.jnilib
2011-12-21 19:21:52.584+0100:    [loader.1] file:/System/Library/Java/Extensions/libAppleScriptEngine.jnilib
2011-12-21 19:21:52.584+0100:    [loader.1] file:/Library/Java/JavaVirtualMachines/JDK%201.7.0%20Developer%20Preview.jdk/Contents/Home/jre/lib/ext/zipfs.jar
2011-12-21 19:21:52.584+0100:    [loader.1] file:/System/Library/Java/Extensions/j3daudio.jar
2011-12-21 19:21:52.584+0100:    [loader.1] file:/System/Library/Java/Extensions/AppleScriptEngine.jar
2011-12-21 19:21:52.584+0100:    [bootstrap] /Library/Java/JavaVirtualMachines/JDK 1.7.0 Developer Preview.jdk/Contents/Home/jre/lib/charsets.jar
2011-12-21 19:21:52.584+0100:    [bootstrap] /Library/Java/JavaVirtualMachines/JDK 1.7.0 Developer Preview.jdk/Contents/Home/jre/lib/rt.jar
2011-12-21 19:21:52.584+0100:    [loader.1] file:/System/Library/Java/Extensions/libJ3DUtils.jnilib
2011-12-21 19:21:52.585+0100:    [loader.1] file:/System/Library/Java/Extensions/libQTJNative.jnilib
2011-12-21 19:21:52.585+0100:    [loader.1] file:/System/Library/Java/Extensions/j3dcore.jar
2011-12-21 19:21:52.585+0100:    [loader.1] file:/Library/Java/JavaVirtualMachines/JDK%201.7.0%20Developer%20Preview.jdk/Contents/Home/jre/lib/ext/sunpkcs11.jar
2011-12-21 19:21:52.585+0100:    [classpath + loader.0] file:/Users/mikael/.m2/repository/org/neo4j/neo4j-lucene-index/1.6.M01/neo4j-lucene-index-1.6.M01.jar
2011-12-21 19:21:52.585+0100:    [loader.1] file:/usr/lib/java/libjdns_sd.jnilib
2011-12-21 19:21:52.585+0100:    [classpath + loader.0] file:/Users/mikael/.m2/repository/commons-lang/commons-lang/2.6/commons-lang-2.6.jar
2011-12-21 19:21:52.585+0100:    [bootstrap] /Library/Java/JavaVirtualMachines/JDK 1.7.0 Developer Preview.jdk/Contents/Home/jre/lib/jce.jar
2011-12-21 19:21:52.585+0100: Library Path:
2011-12-21 19:21:52.585+0100:   /Users/mikael/Library/Java/Extensions
2011-12-21 19:21:52.585+0100:   /Library/Java/Extensions
2011-12-21 19:21:52.585+0100:   /Network/Library/Java/Extensions
2011-12-21 19:21:52.585+0100:   /System/Library/Java/Extensions
2011-12-21 19:21:52.585+0100:   /usr/lib/java
2011-12-21 19:21:52.591+0100: Garbage Collector: PS Scavenge: [PS Eden Space, PS Survivor Space]
2011-12-21 19:21:52.591+0100: Garbage Collector: PS MarkSweep: [PS Eden Space, PS Survivor Space, PS Old Gen, PS Perm Gen]
2011-12-21 19:21:52.593+0100: Memory Pool: Code Cache (Non-heap memory): committed=2,44 MB, used=1,17 MB, max=48,00 MB, threshold=0,00 B
2011-12-21 19:21:52.593+0100: Memory Pool: PS Eden Space (Heap memory): committed=78,50 MB, used=33,54 MB, max=411,50 MB, threshold=?
2011-12-21 19:21:52.594+0100: Memory Pool: PS Survivor Space (Heap memory): committed=3,25 MB, used=0,00 B, max=3,25 MB, threshold=?
2011-12-21 19:21:52.594+0100: Memory Pool: PS Old Gen (Heap memory): committed=106,75 MB, used=52,25 MB, max=836,00 MB, threshold=0,00 B
2011-12-21 19:21:52.595+0100: Memory Pool: PS Perm Gen (Non-heap memory): committed=20,75 MB, used=8,63 MB, max=82,00 MB, threshold=0,00 B
2011-12-21 19:21:52.595+0100: VM Arguments: [-Dfile.encoding=MacRoman]
2011-12-21 19:21:52.595+0100: System properties:
2011-12-21 19:21:52.595+0100:   sun.boot.library.path = /Library/Java/JavaVirtualMachines/JDK 1.7.0 Developer Preview.jdk/Contents/Home/jre/lib
2011-12-21 19:21:52.595+0100:   gopherProxySet = false
2011-12-21 19:21:52.595+0100:   path.separator = :
2011-12-21 19:21:52.595+0100:   file.encoding.pkg = sun.io
2011-12-21 19:21:52.595+0100:   user.country = FR
2011-12-21 19:21:52.595+0100:   sun.java.launcher = SUN_STANDARD
2011-12-21 19:21:52.595+0100:   sun.os.patch.level = unknown
2011-12-21 19:21:52.596+0100:   user.dir = /Users/mikael/Developpement/Java/workspace/cda2neo4j
2011-12-21 19:21:52.596+0100:   sun.jnu.encoding = US-ASCII
2011-12-21 19:21:52.596+0100:   sun.management.compiler = HotSpot 64-Bit Tiered Compilers
2011-12-21 19:21:52.596+0100:   http.nonProxyHosts = localhost|*.localhost|127.0.0.1
2011-12-21 19:21:52.596+0100:   user.home = /Users/mikael
2011-12-21 19:21:52.596+0100:   user.timezone = Europe/Paris
2011-12-21 19:21:52.596+0100:   file.encoding = MacRoman
2011-12-21 19:21:52.596+0100:   user.name = mikael
2011-12-21 19:21:52.596+0100:   sun.java.command = com.octo.cda2neo4j.Cda2Graph -in DG_without_cycle.xml -out outfolder
2011-12-21 19:21:52.596+0100:   sun.arch.data.model = 64
2011-12-21 19:21:52.596+0100:   user.language = fr
2011-12-21 19:21:52.596+0100:   awt.toolkit = sun.lwawt.macosx.LWCToolkit
2011-12-21 19:21:52.596+0100:   file.separator = /
2011-12-21 19:21:52.596+0100:   sun.io.unicode.encoding = UnicodeBig
2011-12-21 19:21:52.596+0100:   sun.cpu.endian = little
2011-12-21 19:21:52.596+0100:   socksNonProxyHosts = localhost|*.localhost|127.0.0.1
2011-12-21 19:21:52.596+0100:   ftp.nonProxyHosts = localhost|*.localhost|127.0.0.1
2011-12-21 19:21:52.596+0100:   sun.cpu.isalist = 
2011-12-21 19:21:52.596+0100: Neo4j Kernel properties:
2011-12-21 19:21:52.596+0100:   store_dir=/Users/mikael/developpement/java/workspace/cda2neo4j/neo4j-store
2011-12-21 19:21:52.597+0100:   logical_log=/Users/mikael/developpement/java/workspace/cda2neo4j/neo4j-store/nioneo_logical.log
2011-12-21 19:21:52.597+0100:   node_auto_indexing=false
2011-12-21 19:21:52.597+0100:   neostore.relationshipstore.db.mapped_memory=100M
2011-12-21 19:21:52.597+0100:   neostore.nodestore.db.mapped_memory=20M
2011-12-21 19:21:52.597+0100:   use_memory_mapped_buffers=true
2011-12-21 19:21:52.597+0100:   rebuild_idgenerators_fast=true
2011-12-21 19:21:52.597+0100:   neostore.propertystore.db.index.keys.mapped_memory=1M
2011-12-21 19:21:52.597+0100:   neostore.propertystore.db.arrays.mapped_memory=130M
2011-12-21 19:21:52.597+0100:   neostore.propertystore.db.strings.mapped_memory=130M
2011-12-21 19:21:52.597+0100:   neo_store=/Users/mikael/developpement/java/workspace/cda2neo4j/neo4j-store/neostore
2011-12-21 19:21:52.597+0100:   neostore.propertystore.db.index.mapped_memory=1M
2011-12-21 19:21:52.597+0100:   create=true
2011-12-21 19:21:52.597+0100:   neostore.propertystore.db.mapped_memory=90M
2011-12-21 19:21:52.597+0100:   relationship_auto_indexing=false
2011-12-21 19:21:52.597+0100: Storage files:
2011-12-21 19:21:52.598+0100:   active_tx_log: 11,00 B
2011-12-21 19:21:52.598+0100:   index:
2011-12-21 19:21:52.598+0100:     lucene-store.db: 32,00 B
2011-12-21 19:21:52.598+0100:     lucene.log.1: 16,00 B
2011-12-21 19:21:52.598+0100:     lucene.log.active: 4,00 B
2011-12-21 19:21:52.598+0100:   - Total: 52,00 B
2011-12-21 19:21:52.599+0100:   lock: 0,00 B
2011-12-21 19:21:52.599+0100:   messages.log: 9,47 kB
2011-12-21 19:21:52.599+0100:   neostore: 54,00 B
2011-12-21 19:21:52.599+0100:   neostore.id: 9,00 B
2011-12-21 19:21:52.599+0100:   neostore.nodestore.db: 9,00 B
2011-12-21 19:21:52.599+0100:   neostore.nodestore.db.id: 9,00 B
2011-12-21 19:21:52.600+0100:   neostore.propertystore.db: 0,00 B
2011-12-21 19:21:52.600+0100:   neostore.propertystore.db.arrays: 128,00 B
2011-12-21 19:21:52.600+0100:   neostore.propertystore.db.arrays.id: 9,00 B
2011-12-21 19:21:52.600+0100:   neostore.propertystore.db.id: 9,00 B
2011-12-21 19:21:52.600+0100:   neostore.propertystore.db.index: 0,00 B
2011-12-21 19:21:52.600+0100:   neostore.propertystore.db.index.id: 9,00 B
2011-12-21 19:21:52.600+0100:   neostore.propertystore.db.index.keys: 38,00 B
2011-12-21 19:21:52.601+0100:   neostore.propertystore.db.index.keys.id: 9,00 B
2011-12-21 19:21:52.601+0100:   neostore.propertystore.db.strings: 128,00 B
2011-12-21 19:21:52.601+0100:   neostore.propertystore.db.strings.id: 9,00 B
2011-12-21 19:21:52.601+0100:   neostore.relationshipstore.db: 0,00 B
2011-12-21 19:21:52.601+0100:   neostore.relationshipstore.db.id: 9,00 B
2011-12-21 19:21:52.601+0100:   neostore.relationshiptypestore.db: 0,00 B
2011-12-21 19:21:52.602+0100:   neostore.relationshiptypestore.db.id: 9,00 B
2011-12-21 19:21:52.602+0100:   neostore.relationshiptypestore.db.names: 38,00 B
2011-12-21 19:21:52.602+0100:   neostore.relationshiptypestore.db.names.id: 9,00 B
2011-12-21 19:21:52.602+0100:   nioneo_logical.log.1: 16,00 B
2011-12-21 19:21:52.602+0100:   nioneo_logical.log.active: 4,00 B
2011-12-21 19:21:52.602+0100:   tm_tx_log.1: 0,00 B
2011-12-21 19:21:52.602+0100: Id usage:
2011-12-21 19:21:52.602+0100:   NodeStore: used=1 high=0
2011-12-21 19:21:52.603+0100:   RelationshipStore: used=0 high=-1
2011-12-21 19:21:52.603+0100:   RelationshipTypeStore: used=0 high=-1
2011-12-21 19:21:52.603+0100:   PropertyStore: used=0 high=-1
2011-12-21 19:21:52.603+0100:   PropertyIndexStore: used=0 high=-1
2011-12-21 19:21:52.603+0100:   StringPropertyStore: used=1 high=0
2011-12-21 19:21:52.603+0100:   ArrayPropertyStore: used=1 high=0
2011-12-21 19:21:52.603+0100: --- CONFIGURATION END ---
2011-12-21 19:21:52.606+0100: Extension org.neo4j.kernel.KernelExtension[kernel udc] loaded ok
2011-12-21 19:21:52.725+0100: Extension org.neo4j.kernel.KernelExtension[kernel jmx] loaded ok
2011-12-21 19:21:55.639+0100: Closed log /Users/mikael/developpement/java/workspace/cda2neo4j/neo4j-store/nioneo_logical.log
2011-12-21 19:21:55.655+0100: NeoStore closed
2011-12-21 19:21:55.990+0100: Closed log /Users/mikael/developpement/java/workspace/cda2neo4j/neo4j-store/index/lucene.log
2011-12-21 19:21:55.991+0100: NeoStore closed
2011-12-21 19:21:55.991+0100: TM shutting down
2011-12-21 19:22:48.522+0100: Opened [/Users/mikael/developpement/java/workspace/cda2neo4j/neo4j-store/nioneo_logical.log.1] clean empty log, version=0, lastTxId=4
2011-12-21 19:22:48.575+0100: Opened [/Users/mikael/developpement/java/workspace/cda2neo4j/neo4j-store/index/lucene.log.1] clean empty log, version=0, lastTxId=3
2011-12-21 19:22:48.577+0100: TM opening log: /Users/mikael/developpement/java/workspace/cda2neo4j/neo4j-store/tm_tx_log.1
2011-12-21 19:22:48.602+0100: --- CONFIGURATION START ---
2011-12-21 19:22:48.602+0100: Graph Database: org.neo4j.kernel.EmbeddedGraphDatabase StoreId[time:1324491712192, id:-6313848639014695106, store version: 13561656364791302]
2011-12-21 19:22:48.603+0100: Physical mem: 6144MB, Heap size: 1116MB
2011-12-21 19:22:48.604+0100: Kernel version: Neo4j - Graph Database Kernel 1.6.M01
2011-12-21 19:22:48.605+0100: Neo4j component versions:
2011-12-21 19:22:48.605+0100:   Neo4j - Graph Database Kernel 1.6.M01
2011-12-21 19:22:48.605+0100: Store versions:
2011-12-21 19:22:48.605+0100:   NeoStore v0.A.0
2011-12-21 19:22:48.606+0100:   NodeStore v0.A.0
2011-12-21 19:22:48.606+0100:   RelationshipStore v0.A.0
2011-12-21 19:22:48.606+0100:   RelationshipTypeStore v0.A.0
2011-12-21 19:22:48.606+0100:   PropertyStore v0.A.0
2011-12-21 19:22:48.606+0100:   PropertyIndexStore v0.A.0
2011-12-21 19:22:48.606+0100:   StringPropertyStore v0.A.0
2011-12-21 19:22:48.606+0100:   ArrayPropertyStore v0.A.0
2011-12-21 19:22:48.609+0100: Process id: 63205@OCTO-MRO.local
2011-12-21 19:22:48.612+0100: Operating System: Mac OS X; version: 10.7.2; arch: x86_64; cpus: 4
2011-12-21 19:22:48.612+0100: Max number of file descriptors: 10240
2011-12-21 19:22:48.612+0100: Number of open file descriptors: 100
2011-12-21 19:22:48.613+0100: Total Physical memory: 6,00 GB
2011-12-21 19:22:48.614+0100: Free Physical memory: 128,00 MB
2011-12-21 19:22:48.614+0100: Committed virtual memory: 64,00 MB
2011-12-21 19:22:48.614+0100: Total swap space: 0,00 B
2011-12-21 19:22:48.615+0100: Free swap space: 0,00 B
2011-12-21 19:22:48.615+0100: Byte order: LITTLE_ENDIAN
2011-12-21 19:22:48.615+0100: VM Name: OpenJDK 64-Bit Server VM
2011-12-21 19:22:48.616+0100: VM Vendor: Oracle Corporation
2011-12-21 19:22:48.616+0100: VM Version: 21.0-b17
2011-12-21 19:22:48.616+0100: JIT compiler: HotSpot 64-Bit Tiered Compilers
2011-12-21 19:22:48.618+0100: Class Path:
2011-12-21 19:22:48.618+0100:    [classpath + loader.0] file:/Users/mikael/.m2/repository/org/apache/lucene/lucene-core/3.1.0/lucene-core-3.1.0.jar
2011-12-21 19:22:48.618+0100:    [loader.1] file:/System/Library/Java/Extensions/dns_sd.jar
2011-12-21 19:22:48.619+0100:    [classpath + loader.0] file:/Users/mikael/.m2/repository/org/neo4j/neo4j-cypher/1.6.M01/neo4j-cypher-1.6.M01.jar
2011-12-21 19:22:48.619+0100:    [loader.1] file:/System/Library/Java/Extensions/j3dutils.jar
2011-12-21 19:22:48.619+0100:    [classpath + loader.0] file:/Users/mikael/.m2/repository/org/neo4j/neo4j/1.6.M01/neo4j-1.6.M01.jar
2011-12-21 19:22:48.619+0100:    [classpath + loader.0] file:/Users/mikael/.m2/repository/org/neo4j/neo4j-graph-matching/1.6.M01/neo4j-graph-matching-1.6.M01.jar
2011-12-21 19:22:48.619+0100:    [loader.1] file:/System/Library/Java/Extensions/MRJToolkit.jar
2011-12-21 19:22:48.619+0100:    [loader.1] file:/System/Library/Java/Extensions/jai_core.jar
2011-12-21 19:22:48.619+0100:    [classpath + loader.0] file:/Users/mikael/.m2/repository/commons-io/commons-io/2.0.1/commons-io-2.0.1.jar
2011-12-21 19:22:48.619+0100:    [loader.1] file:/Library/Java/JavaVirtualMachines/JDK%201.7.0%20Developer%20Preview.jdk/Contents/Home/jre/lib/ext/dnsns.jar
2011-12-21 19:22:48.619+0100:    [loader.1] file:/System/Library/Java/Extensions/vecmath.jar
2011-12-21 19:22:48.619+0100:    [loader.1] file:/System/Library/Java/Extensions/libmlib_jai.jnilib
2011-12-21 19:22:48.619+0100:    [loader.1] file:/Library/Java/JavaVirtualMachines/JDK%201.7.0%20Developer%20Preview.jdk/Contents/Home/jre/lib/ext/sunec.jar
2011-12-21 19:22:48.619+0100:    [loader.1] file:/System/Library/Java/Extensions/jai_codec.jar
2011-12-21 19:22:48.619+0100:    [classpath + loader.0] file:/Users/mikael/.m2/repository/org/neo4j/neo4j-kernel/1.6.M01/neo4j-kernel-1.6.M01.jar
2011-12-21 19:22:48.619+0100:    [classpath + loader.0] file:/Users/mikael/.m2/repository/org/neo4j/neo4j-graph-algo/1.6.M01/neo4j-graph-algo-1.6.M01.jar
2011-12-21 19:22:48.619+0100:    [bootstrap] /Library/Java/JavaVirtualMachines/JDK 1.7.0 Developer Preview.jdk/Contents/Home/jre/lib/JObjC.jar
2011-12-21 19:22:48.619+0100:    [classpath + loader.0] file:/Users/mikael/developpement/java/workspace/cda2neo4j/target/classes/
2011-12-21 19:22:48.620+0100:    [classpath + loader.0] file:/Users/mikael/.m2/repository/org/neo4j/neo4j-udc/1.6.M01/neo4j-udc-1.6.M01.jar
2011-12-21 19:22:48.620+0100:    [classpath + loader.0] file:/Users/mikael/.m2/repository/commons-cli/commons-cli/1.2/commons-cli-1.2.jar
2011-12-21 19:22:48.620+0100:    [loader.1] file:/System/Library/Java/Extensions/libJ3D.jnilib
2011-12-21 19:22:48.620+0100:    [loader.1] file:/Library/Java/JavaVirtualMachines/JDK%201.7.0%20Developer%20Preview.jdk/Contents/Home/jre/lib/ext/sunjce_provider.jar
2011-12-21 19:22:48.620+0100:    [bootstrap] /Library/Java/JavaVirtualMachines/JDK 1.7.0 Developer Preview.jdk/Contents/Home/jre/lib/jsse.jar
2011-12-21 19:22:48.620+0100:    [classpath + loader.0] file:/Users/mikael/.m2/repository/org/apache/geronimo/specs/geronimo-jta_1.1_spec/1.1.1/geronimo-jta_1.1_spec-1.1.1.jar
2011-12-21 19:22:48.620+0100:    [classpath + loader.0] file:/Users/mikael/.m2/repository/org/scala-lang/scala-library/2.9.0-1/scala-library-2.9.0-1.jar
2011-12-21 19:22:48.620+0100:    [loader.1] file:/System/Library/Java/Extensions/mlibwrapper_jai.jar
2011-12-21 19:22:48.620+0100:    [bootstrap] /Library/Java/JavaVirtualMachines/JDK 1.7.0 Developer Preview.jdk/Contents/Home/jre/lib/sunrsasign.jar
2011-12-21 19:22:48.620+0100:    [loader.1] file:/Library/Java/JavaVirtualMachines/JDK%201.7.0%20Developer%20Preview.jdk/Contents/Home/jre/lib/ext/localedata.jar
2011-12-21 19:22:48.620+0100:    [bootstrap] /Library/Java/JavaVirtualMachines/JDK 1.7.0 Developer Preview.jdk/Contents/Home/jre/lib/modules/jdk.boot.jar
2011-12-21 19:22:48.620+0100:    [loader.1] file:/System/Library/Java/Extensions/QTJava.zip
2011-12-21 19:22:48.620+0100:    [classpath + loader.0] file:/Users/mikael/.m2/repository/org/neo4j/neo4j-jmx/1.6.M01/neo4j-jmx-1.6.M01.jar
2011-12-21 19:22:48.620+0100:    [bootstrap] /Library/Java/JavaVirtualMachines/JDK 1.7.0 Developer Preview.jdk/Contents/Home/jre/classes
2011-12-21 19:22:48.620+0100:    [bootstrap] /Library/Java/JavaVirtualMachines/JDK 1.7.0 Developer Preview.jdk/Contents/Home/jre/lib/resources.jar
2011-12-21 19:22:48.620+0100:    [loader.1] file:/System/Library/Java/Extensions/libJ3DAudio.jnilib
2011-12-21 19:22:48.621+0100:    [loader.1] file:/System/Library/Java/Extensions/libAppleScriptEngine.jnilib
2011-12-21 19:22:48.621+0100:    [loader.1] file:/Library/Java/JavaVirtualMachines/JDK%201.7.0%20Developer%20Preview.jdk/Contents/Home/jre/lib/ext/zipfs.jar
2011-12-21 19:22:48.621+0100:    [loader.1] file:/System/Library/Java/Extensions/j3daudio.jar
2011-12-21 19:22:48.621+0100:    [loader.1] file:/System/Library/Java/Extensions/AppleScriptEngine.jar
2011-12-21 19:22:48.621+0100:    [bootstrap] /Library/Java/JavaVirtualMachines/JDK 1.7.0 Developer Preview.jdk/Contents/Home/jre/lib/charsets.jar
2011-12-21 19:22:48.621+0100:    [bootstrap] /Library/Java/JavaVirtualMachines/JDK 1.7.0 Developer Preview.jdk/Contents/Home/jre/lib/rt.jar
2011-12-21 19:22:48.621+0100:    [loader.1] file:/System/Library/Java/Extensions/libJ3DUtils.jnilib
2011-12-21 19:22:48.621+0100:    [loader.1] file:/System/Library/Java/Extensions/libQTJNative.jnilib
2011-12-21 19:22:48.621+0100:    [loader.1] file:/System/Library/Java/Extensions/j3dcore.jar
2011-12-21 19:22:48.621+0100:    [loader.1] file:/Library/Java/JavaVirtualMachines/JDK%201.7.0%20Developer%20Preview.jdk/Contents/Home/jre/lib/ext/sunpkcs11.jar
2011-12-21 19:22:48.621+0100:    [classpath + loader.0] file:/Users/mikael/.m2/repository/org/neo4j/neo4j-lucene-index/1.6.M01/neo4j-lucene-index-1.6.M01.jar
2011-12-21 19:22:48.621+0100:    [loader.1] file:/usr/lib/java/libjdns_sd.jnilib
2011-12-21 19:22:48.621+0100:    [classpath + loader.0] file:/Users/mikael/.m2/repository/commons-lang/commons-lang/2.6/commons-lang-2.6.jar
2011-12-21 19:22:48.621+0100:    [bootstrap] /Library/Java/JavaVirtualMachines/JDK 1.7.0 Developer Preview.jdk/Contents/Home/jre/lib/jce.jar
2011-12-21 19:22:48.621+0100: Library Path:
2011-12-21 19:22:48.622+0100:   /Users/mikael/Library/Java/Extensions
2011-12-21 19:22:48.622+0100:   /Library/Java/Extensions
2011-12-21 19:22:48.622+0100:   /Network/Library/Java/Extensions
2011-12-21 19:22:48.622+0100:   /System/Library/Java/Extensions
2011-12-21 19:22:48.622+0100:   /usr/lib/java
2011-12-21 19:22:48.624+0100: Garbage Collector: PS Scavenge: [PS Eden Space, PS Survivor Space]
2011-12-21 19:22:48.624+0100: Garbage Collector: PS MarkSweep: [PS Eden Space, PS Survivor Space, PS Old Gen, PS Perm Gen]
2011-12-21 19:22:48.626+0100: Memory Pool: Code Cache (Non-heap memory): committed=2,44 MB, used=1,18 MB, max=48,00 MB, threshold=0,00 B
2011-12-21 19:22:48.627+0100: Memory Pool: PS Eden Space (Heap memory): committed=78,50 MB, used=47,17 MB, max=412,13 MB, threshold=?
2011-12-21 19:22:48.627+0100: Memory Pool: PS Survivor Space (Heap memory): committed=3,25 MB, used=0,00 B, max=3,25 MB, threshold=?
2011-12-21 19:22:48.627+0100: Memory Pool: PS Old Gen (Heap memory): committed=106,94 MB, used=52,37 MB, max=837,38 MB, threshold=0,00 B
2011-12-21 19:22:48.628+0100: Memory Pool: PS Perm Gen (Non-heap memory): committed=20,75 MB, used=8,66 MB, max=82,00 MB, threshold=0,00 B
2011-12-21 19:22:48.628+0100: VM Arguments: [-Dfile.encoding=MacRoman]
2011-12-21 19:22:48.628+0100: System properties:
2011-12-21 19:22:48.629+0100:   sun.boot.library.path = /Library/Java/JavaVirtualMachines/JDK 1.7.0 Developer Preview.jdk/Contents/Home/jre/lib
2011-12-21 19:22:48.629+0100:   gopherProxySet = false
2011-12-21 19:22:48.629+0100:   path.separator = :
2011-12-21 19:22:48.629+0100:   file.encoding.pkg = sun.io
2011-12-21 19:22:48.629+0100:   user.country = FR
2011-12-21 19:22:48.629+0100:   sun.java.launcher = SUN_STANDARD
2011-12-21 19:22:48.629+0100:   sun.os.patch.level = unknown
2011-12-21 19:22:48.629+0100:   user.dir = /Users/mikael/Developpement/Java/workspace/cda2neo4j
2011-12-21 19:22:48.629+0100:   sun.jnu.encoding = US-ASCII
2011-12-21 19:22:48.629+0100:   sun.management.compiler = HotSpot 64-Bit Tiered Compilers
2011-12-21 19:22:48.629+0100:   http.nonProxyHosts = localhost|*.localhost|127.0.0.1
2011-12-21 19:22:48.629+0100:   user.home = /Users/mikael
2011-12-21 19:22:48.630+0100:   user.timezone = Europe/Paris
2011-12-21 19:22:48.630+0100:   file.encoding = MacRoman
2011-12-21 19:22:48.630+0100:   user.name = mikael
2011-12-21 19:22:48.630+0100:   sun.java.command = com.octo.cda2neo4j.Cda2Graph -in DG_without_cycle.xml -out outfolder
2011-12-21 19:22:48.630+0100:   sun.arch.data.model = 64
2011-12-21 19:22:48.630+0100:   user.language = fr
2011-12-21 19:22:48.630+0100:   awt.toolkit = sun.lwawt.macosx.LWCToolkit
2011-12-21 19:22:48.630+0100:   file.separator = /
2011-12-21 19:22:48.630+0100:   sun.io.unicode.encoding = UnicodeBig
2011-12-21 19:22:48.630+0100:   sun.cpu.endian = little
2011-12-21 19:22:48.630+0100:   socksNonProxyHosts = localhost|*.localhost|127.0.0.1
2011-12-21 19:22:48.630+0100:   ftp.nonProxyHosts = localhost|*.localhost|127.0.0.1
2011-12-21 19:22:48.630+0100:   sun.cpu.isalist = 
2011-12-21 19:22:48.631+0100: Neo4j Kernel properties:
2011-12-21 19:22:48.631+0100:   store_dir=/Users/mikael/developpement/java/workspace/cda2neo4j/neo4j-store
2011-12-21 19:22:48.631+0100:   logical_log=/Users/mikael/developpement/java/workspace/cda2neo4j/neo4j-store/nioneo_logical.log
2011-12-21 19:22:48.631+0100:   node_auto_indexing=false
2011-12-21 19:22:48.631+0100:   neostore.relationshipstore.db.mapped_memory=100M
2011-12-21 19:22:48.631+0100:   neostore.nodestore.db.mapped_memory=20M
2011-12-21 19:22:48.631+0100:   use_memory_mapped_buffers=true
2011-12-21 19:22:48.631+0100:   rebuild_idgenerators_fast=true
2011-12-21 19:22:48.631+0100:   neostore.propertystore.db.index.keys.mapped_memory=1M
2011-12-21 19:22:48.631+0100:   neostore.propertystore.db.arrays.mapped_memory=130M
2011-12-21 19:22:48.631+0100:   neostore.propertystore.db.strings.mapped_memory=130M
2011-12-21 19:22:48.631+0100:   neo_store=/Users/mikael/developpement/java/workspace/cda2neo4j/neo4j-store/neostore
2011-12-21 19:22:48.631+0100:   neostore.propertystore.db.index.mapped_memory=1M
2011-12-21 19:22:48.631+0100:   create=true
2011-12-21 19:22:48.631+0100:   neostore.propertystore.db.mapped_memory=90M
2011-12-21 19:22:48.632+0100:   relationship_auto_indexing=false
2011-12-21 19:22:48.632+0100: Storage files:
2011-12-21 19:22:48.632+0100:   active_tx_log: 11,00 B
2011-12-21 19:22:48.632+0100:   index:
2011-12-21 19:22:48.633+0100:     lucene:
2011-12-21 19:22:48.633+0100:       node:
2011-12-21 19:22:48.633+0100:         nodes:
2011-12-21 19:22:48.633+0100:           _0.fdt: 621,22 kB
2011-12-21 19:22:48.634+0100:           _0.fdx: 76,35 kB
2011-12-21 19:22:48.634+0100:           _0.fnm: 23,00 B
2011-12-21 19:22:48.634+0100:           _0.frq: 39,85 kB
2011-12-21 19:22:48.634+0100:           _0.nrm: 19,09 kB
2011-12-21 19:22:48.634+0100:           _0.prx: 19,09 kB
2011-12-21 19:22:48.635+0100:           _0.tii: 2,39 kB
2011-12-21 19:22:48.635+0100:           _0.tis: 170,61 kB
2011-12-21 19:22:48.635+0100:           segments.gen: 20,00 B
2011-12-21 19:22:48.635+0100:           segments_1: 233,00 B
2011-12-21 19:22:48.635+0100:         - Total: 948,86 kB
2011-12-21 19:22:48.636+0100:       - Total: 948,86 kB
2011-12-21 19:22:48.636+0100:     - Total: 948,86 kB
2011-12-21 19:22:48.636+0100:     lucene-store.db: 32,00 B
2011-12-21 19:22:48.636+0100:     lucene.log.1: 16,00 B
2011-12-21 19:22:48.636+0100:     lucene.log.active: 4,00 B
2011-12-21 19:22:48.637+0100:   - Total: 948,91 kB
2011-12-21 19:22:48.637+0100:   index.db: 103,00 B
2011-12-21 19:22:48.637+0100:   lock: 0,00 B
2011-12-21 19:22:48.637+0100:   messages.log: 25,24 kB
2011-12-21 19:22:48.637+0100:   neostore: 54,00 B
2011-12-21 19:22:48.638+0100:   neostore.id: 9,00 B
2011-12-21 19:22:48.638+0100:   neostore.nodestore.db: 85,90 kB
2011-12-21 19:22:48.638+0100:   neostore.nodestore.db.id: 9,00 B
2011-12-21 19:22:48.638+0100:   neostore.propertystore.db: 391,26 kB
2011-12-21 19:22:48.638+0100:   neostore.propertystore.db.arrays: 128,00 B
2011-12-21 19:22:48.639+0100:   neostore.propertystore.db.arrays.id: 9,00 B
2011-12-21 19:22:48.639+0100:   neostore.propertystore.db.id: 9,00 B
2011-12-21 19:22:48.639+0100:   neostore.propertystore.db.index: 1,02 kB
2011-12-21 19:22:48.639+0100:   neostore.propertystore.db.index.id: 9,00 B
2011-12-21 19:22:48.639+0100:   neostore.propertystore.db.index.keys: 1,00 kB
2011-12-21 19:22:48.640+0100:   neostore.propertystore.db.index.keys.id: 9,00 B
2011-12-21 19:22:48.640+0100:   neostore.propertystore.db.strings: 1,09 MB
2011-12-21 19:22:48.640+0100:   neostore.propertystore.db.strings.id: 9,00 B
2011-12-21 19:22:48.640+0100:   neostore.relationshipstore.db: 170,74 kB
2011-12-21 19:22:48.640+0100:   neostore.relationshipstore.db.id: 9,00 B
2011-12-21 19:22:48.641+0100:   neostore.relationshiptypestore.db: 10,00 B
2011-12-21 19:22:48.641+0100:   neostore.relationshiptypestore.db.id: 9,00 B
2011-12-21 19:22:48.641+0100:   neostore.relationshiptypestore.db.names: 114,00 B
2011-12-21 19:22:48.641+0100:   neostore.relationshiptypestore.db.names.id: 9,00 B
2011-12-21 19:22:48.641+0100:   nioneo_logical.log.1: 16,00 B
2011-12-21 19:22:48.642+0100:   nioneo_logical.log.active: 4,00 B
2011-12-21 19:22:48.642+0100:   tm_tx_log.1: 0,00 B
2011-12-21 19:22:48.642+0100: Id usage:
2011-12-21 19:22:48.642+0100:   NodeStore: used=9773 high=9772
2011-12-21 19:22:48.642+0100:   RelationshipStore: used=5298 high=5297
2011-12-21 19:22:48.642+0100:   RelationshipTypeStore: used=2 high=1
2011-12-21 19:22:48.643+0100:   PropertyStore: used=9772 high=9771
2011-12-21 19:22:48.643+0100:   PropertyIndexStore: used=1 high=0
2011-12-21 19:22:48.643+0100:   StringPropertyStore: used=8935 high=8934
2011-12-21 19:22:48.643+0100:   ArrayPropertyStore: used=1 high=0
2011-12-21 19:22:48.643+0100: --- CONFIGURATION END ---
2011-12-21 19:22:48.647+0100: Extension org.neo4j.kernel.KernelExtension[kernel udc] loaded ok
2011-12-21 19:22:48.732+0100: Extension org.neo4j.kernel.KernelExtension[kernel jmx] loaded ok
2011-12-21 19:22:51.096+0100: Closed log /Users/mikael/developpement/java/workspace/cda2neo4j/neo4j-store/nioneo_logical.log
2011-12-21 19:22:51.104+0100: NeoStore closed
2011-12-21 19:22:51.276+0100: Closed log /Users/mikael/developpement/java/workspace/cda2neo4j/neo4j-store/index/lucene.log
2011-12-21 19:22:51.277+0100: NeoStore closed
2011-12-21 19:22:51.277+0100: TM shutting down
2011-12-21 19:23:28.910+0100: Opened [/Users/mikael/developpement/java/workspace/cda2neo4j/neo4j-store/nioneo_logical.log.1] clean empty log, version=0, lastTxId=5
2011-12-21 19:23:28.964+0100: Opened [/Users/mikael/developpement/java/workspace/cda2neo4j/neo4j-store/index/lucene.log.1] clean empty log, version=0, lastTxId=4
2011-12-21 19:23:28.966+0100: TM opening log: /Users/mikael/developpement/java/workspace/cda2neo4j/neo4j-store/tm_tx_log.1
2011-12-21 19:23:28.991+0100: --- CONFIGURATION START ---
2011-12-21 19:23:28.992+0100: Graph Database: org.neo4j.kernel.EmbeddedGraphDatabase StoreId[time:1324491712192, id:-6313848639014695106, store version: 13561656364791302]
2011-12-21 19:23:28.992+0100: Physical mem: 6144MB, Heap size: 1116MB
2011-12-21 19:23:28.994+0100: Kernel version: Neo4j - Graph Database Kernel 1.6.M01
2011-12-21 19:23:28.994+0100: Neo4j component versions:
2011-12-21 19:23:28.995+0100:   Neo4j - Graph Database Kernel 1.6.M01
2011-12-21 19:23:28.995+0100: Store versions:
2011-12-21 19:23:28.995+0100:   NeoStore v0.A.0
2011-12-21 19:23:28.995+0100:   NodeStore v0.A.0
2011-12-21 19:23:28.995+0100:   RelationshipStore v0.A.0
2011-12-21 19:23:28.995+0100:   RelationshipTypeStore v0.A.0
2011-12-21 19:23:28.995+0100:   PropertyStore v0.A.0
2011-12-21 19:23:28.996+0100:   PropertyIndexStore v0.A.0
2011-12-21 19:23:28.996+0100:   StringPropertyStore v0.A.0
2011-12-21 19:23:28.996+0100:   ArrayPropertyStore v0.A.0
2011-12-21 19:23:29.000+0100: Process id: 63210@OCTO-MRO.local
2011-12-21 19:23:29.003+0100: Operating System: Mac OS X; version: 10.7.2; arch: x86_64; cpus: 4
2011-12-21 19:23:29.003+0100: Max number of file descriptors: 10240
2011-12-21 19:23:29.004+0100: Number of open file descriptors: 100
2011-12-21 19:23:29.004+0100: Total Physical memory: 6,00 GB
2011-12-21 19:23:29.005+0100: Free Physical memory: 128,00 MB
2011-12-21 19:23:29.005+0100: Committed virtual memory: 64,00 MB
2011-12-21 19:23:29.005+0100: Total swap space: 0,00 B
2011-12-21 19:23:29.006+0100: Free swap space: 0,00 B
2011-12-21 19:23:29.006+0100: Byte order: LITTLE_ENDIAN
2011-12-21 19:23:29.006+0100: VM Name: OpenJDK 64-Bit Server VM
2011-12-21 19:23:29.006+0100: VM Vendor: Oracle Corporation
2011-12-21 19:23:29.007+0100: VM Version: 21.0-b17
2011-12-21 19:23:29.007+0100: JIT compiler: HotSpot 64-Bit Tiered Compilers
2011-12-21 19:23:29.009+0100: Class Path:
2011-12-21 19:23:29.009+0100:    [classpath + loader.0] file:/Users/mikael/.m2/repository/org/apache/lucene/lucene-core/3.1.0/lucene-core-3.1.0.jar
2011-12-21 19:23:29.010+0100:    [loader.1] file:/System/Library/Java/Extensions/dns_sd.jar
2011-12-21 19:23:29.010+0100:    [classpath + loader.0] file:/Users/mikael/.m2/repository/org/neo4j/neo4j-cypher/1.6.M01/neo4j-cypher-1.6.M01.jar
2011-12-21 19:23:29.010+0100:    [loader.1] file:/System/Library/Java/Extensions/j3dutils.jar
2011-12-21 19:23:29.010+0100:    [classpath + loader.0] file:/Users/mikael/.m2/repository/org/neo4j/neo4j/1.6.M01/neo4j-1.6.M01.jar
2011-12-21 19:23:29.010+0100:    [classpath + loader.0] file:/Users/mikael/.m2/repository/org/neo4j/neo4j-graph-matching/1.6.M01/neo4j-graph-matching-1.6.M01.jar
2011-12-21 19:23:29.010+0100:    [loader.1] file:/System/Library/Java/Extensions/MRJToolkit.jar
2011-12-21 19:23:29.010+0100:    [loader.1] file:/System/Library/Java/Extensions/jai_core.jar
2011-12-21 19:23:29.010+0100:    [classpath + loader.0] file:/Users/mikael/.m2/repository/commons-io/commons-io/2.0.1/commons-io-2.0.1.jar
2011-12-21 19:23:29.010+0100:    [loader.1] file:/Library/Java/JavaVirtualMachines/JDK%201.7.0%20Developer%20Preview.jdk/Contents/Home/jre/lib/ext/dnsns.jar
2011-12-21 19:23:29.010+0100:    [loader.1] file:/System/Library/Java/Extensions/vecmath.jar
2011-12-21 19:23:29.010+0100:    [loader.1] file:/System/Library/Java/Extensions/libmlib_jai.jnilib
2011-12-21 19:23:29.010+0100:    [loader.1] file:/Library/Java/JavaVirtualMachines/JDK%201.7.0%20Developer%20Preview.jdk/Contents/Home/jre/lib/ext/sunec.jar
2011-12-21 19:23:29.010+0100:    [loader.1] file:/System/Library/Java/Extensions/jai_codec.jar
2011-12-21 19:23:29.010+0100:    [classpath + loader.0] file:/Users/mikael/.m2/repository/org/neo4j/neo4j-kernel/1.6.M01/neo4j-kernel-1.6.M01.jar
2011-12-21 19:23:29.010+0100:    [classpath + loader.0] file:/Users/mikael/.m2/repository/org/neo4j/neo4j-graph-algo/1.6.M01/neo4j-graph-algo-1.6.M01.jar
2011-12-21 19:23:29.010+0100:    [bootstrap] /Library/Java/JavaVirtualMachines/JDK 1.7.0 Developer Preview.jdk/Contents/Home/jre/lib/JObjC.jar
2011-12-21 19:23:29.011+0100:    [classpath + loader.0] file:/Users/mikael/developpement/java/workspace/cda2neo4j/target/classes/
2011-12-21 19:23:29.011+0100:    [classpath + loader.0] file:/Users/mikael/.m2/repository/org/neo4j/neo4j-udc/1.6.M01/neo4j-udc-1.6.M01.jar
2011-12-21 19:23:29.011+0100:    [classpath + loader.0] file:/Users/mikael/.m2/repository/commons-cli/commons-cli/1.2/commons-cli-1.2.jar
2011-12-21 19:23:29.011+0100:    [loader.1] file:/System/Library/Java/Extensions/libJ3D.jnilib
2011-12-21 19:23:29.011+0100:    [loader.1] file:/Library/Java/JavaVirtualMachines/JDK%201.7.0%20Developer%20Preview.jdk/Contents/Home/jre/lib/ext/sunjce_provider.jar
2011-12-21 19:23:29.011+0100:    [bootstrap] /Library/Java/JavaVirtualMachines/JDK 1.7.0 Developer Preview.jdk/Contents/Home/jre/lib/jsse.jar
2011-12-21 19:23:29.011+0100:    [classpath + loader.0] file:/Users/mikael/.m2/repository/org/apache/geronimo/specs/geronimo-jta_1.1_spec/1.1.1/geronimo-jta_1.1_spec-1.1.1.jar
2011-12-21 19:23:29.011+0100:    [classpath + loader.0] file:/Users/mikael/.m2/repository/org/scala-lang/scala-library/2.9.0-1/scala-library-2.9.0-1.jar
2011-12-21 19:23:29.011+0100:    [loader.1] file:/System/Library/Java/Extensions/mlibwrapper_jai.jar
2011-12-21 19:23:29.011+0100:    [bootstrap] /Library/Java/JavaVirtualMachines/JDK 1.7.0 Developer Preview.jdk/Contents/Home/jre/lib/sunrsasign.jar
2011-12-21 19:23:29.011+0100:    [loader.1] file:/Library/Java/JavaVirtualMachines/JDK%201.7.0%20Developer%20Preview.jdk/Contents/Home/jre/lib/ext/localedata.jar
2011-12-21 19:23:29.011+0100:    [bootstrap] /Library/Java/JavaVirtualMachines/JDK 1.7.0 Developer Preview.jdk/Contents/Home/jre/lib/modules/jdk.boot.jar
2011-12-21 19:23:29.011+0100:    [loader.1] file:/System/Library/Java/Extensions/QTJava.zip
2011-12-21 19:23:29.011+0100:    [classpath + loader.0] file:/Users/mikael/.m2/repository/org/neo4j/neo4j-jmx/1.6.M01/neo4j-jmx-1.6.M01.jar
2011-12-21 19:23:29.011+0100:    [bootstrap] /Library/Java/JavaVirtualMachines/JDK 1.7.0 Developer Preview.jdk/Contents/Home/jre/classes
2011-12-21 19:23:29.011+0100:    [bootstrap] /Library/Java/JavaVirtualMachines/JDK 1.7.0 Developer Preview.jdk/Contents/Home/jre/lib/resources.jar
2011-12-21 19:23:29.012+0100:    [loader.1] file:/System/Library/Java/Extensions/libJ3DAudio.jnilib
2011-12-21 19:23:29.012+0100:    [loader.1] file:/System/Library/Java/Extensions/libAppleScriptEngine.jnilib
2011-12-21 19:23:29.012+0100:    [loader.1] file:/Library/Java/JavaVirtualMachines/JDK%201.7.0%20Developer%20Preview.jdk/Contents/Home/jre/lib/ext/zipfs.jar
2011-12-21 19:23:29.012+0100:    [loader.1] file:/System/Library/Java/Extensions/j3daudio.jar
2011-12-21 19:23:29.012+0100:    [loader.1] file:/System/Library/Java/Extensions/AppleScriptEngine.jar
2011-12-21 19:23:29.012+0100:    [bootstrap] /Library/Java/JavaVirtualMachines/JDK 1.7.0 Developer Preview.jdk/Contents/Home/jre/lib/charsets.jar
2011-12-21 19:23:29.012+0100:    [bootstrap] /Library/Java/JavaVirtualMachines/JDK 1.7.0 Developer Preview.jdk/Contents/Home/jre/lib/rt.jar
2011-12-21 19:23:29.012+0100:    [loader.1] file:/System/Library/Java/Extensions/libJ3DUtils.jnilib
2011-12-21 19:23:29.012+0100:    [loader.1] file:/System/Library/Java/Extensions/libQTJNative.jnilib
2011-12-21 19:23:29.012+0100:    [loader.1] file:/System/Library/Java/Extensions/j3dcore.jar
2011-12-21 19:23:29.012+0100:    [loader.1] file:/Library/Java/JavaVirtualMachines/JDK%201.7.0%20Developer%20Preview.jdk/Contents/Home/jre/lib/ext/sunpkcs11.jar
2011-12-21 19:23:29.012+0100:    [classpath + loader.0] file:/Users/mikael/.m2/repository/org/neo4j/neo4j-lucene-index/1.6.M01/neo4j-lucene-index-1.6.M01.jar
2011-12-21 19:23:29.012+0100:    [loader.1] file:/usr/lib/java/libjdns_sd.jnilib
2011-12-21 19:23:29.012+0100:    [classpath + loader.0] file:/Users/mikael/.m2/repository/commons-lang/commons-lang/2.6/commons-lang-2.6.jar
2011-12-21 19:23:29.012+0100:    [bootstrap] /Library/Java/JavaVirtualMachines/JDK 1.7.0 Developer Preview.jdk/Contents/Home/jre/lib/jce.jar
2011-12-21 19:23:29.013+0100: Library Path:
2011-12-21 19:23:29.013+0100:   /Users/mikael/Library/Java/Extensions
2011-12-21 19:23:29.013+0100:   /Library/Java/Extensions
2011-12-21 19:23:29.013+0100:   /Network/Library/Java/Extensions
2011-12-21 19:23:29.013+0100:   /System/Library/Java/Extensions
2011-12-21 19:23:29.013+0100:   /usr/lib/java
2011-12-21 19:23:29.016+0100: Garbage Collector: PS Scavenge: [PS Eden Space, PS Survivor Space]
2011-12-21 19:23:29.016+0100: Garbage Collector: PS MarkSweep: [PS Eden Space, PS Survivor Space, PS Old Gen, PS Perm Gen]
2011-12-21 19:23:29.017+0100: Memory Pool: Code Cache (Non-heap memory): committed=2,44 MB, used=1,23 MB, max=48,00 MB, threshold=0,00 B
2011-12-21 19:23:29.018+0100: Memory Pool: PS Eden Space (Heap memory): committed=78,50 MB, used=47,18 MB, max=412,13 MB, threshold=?
2011-12-21 19:23:29.018+0100: Memory Pool: PS Survivor Space (Heap memory): committed=3,25 MB, used=0,00 B, max=3,25 MB, threshold=?
2011-12-21 19:23:29.019+0100: Memory Pool: PS Old Gen (Heap memory): committed=107,00 MB, used=52,37 MB, max=837,38 MB, threshold=0,00 B
2011-12-21 19:23:29.020+0100: Memory Pool: PS Perm Gen (Non-heap memory): committed=20,75 MB, used=8,65 MB, max=82,00 MB, threshold=0,00 B
2011-12-21 19:23:29.020+0100: VM Arguments: [-Dfile.encoding=MacRoman]
2011-12-21 19:23:29.020+0100: System properties:
2011-12-21 19:23:29.020+0100:   sun.boot.library.path = /Library/Java/JavaVirtualMachines/JDK 1.7.0 Developer Preview.jdk/Contents/Home/jre/lib
2011-12-21 19:23:29.020+0100:   gopherProxySet = false
2011-12-21 19:23:29.020+0100:   path.separator = :
2011-12-21 19:23:29.020+0100:   file.encoding.pkg = sun.io
2011-12-21 19:23:29.020+0100:   user.country = FR
2011-12-21 19:23:29.021+0100:   sun.java.launcher = SUN_STANDARD
2011-12-21 19:23:29.021+0100:   sun.os.patch.level = unknown
2011-12-21 19:23:29.021+0100:   user.dir = /Users/mikael/Developpement/Java/workspace/cda2neo4j
2011-12-21 19:23:29.021+0100:   sun.jnu.encoding = US-ASCII
2011-12-21 19:23:29.021+0100:   sun.management.compiler = HotSpot 64-Bit Tiered Compilers
2011-12-21 19:23:29.021+0100:   http.nonProxyHosts = localhost|*.localhost|127.0.0.1
2011-12-21 19:23:29.021+0100:   user.home = /Users/mikael
2011-12-21 19:23:29.021+0100:   user.timezone = Europe/Paris
2011-12-21 19:23:29.021+0100:   file.encoding = MacRoman
2011-12-21 19:23:29.021+0100:   user.name = mikael
2011-12-21 19:23:29.021+0100:   sun.java.command = com.octo.cda2neo4j.Cda2Graph -in DG_without_cycle.xml -out outfolder
2011-12-21 19:23:29.021+0100:   sun.arch.data.model = 64
2011-12-21 19:23:29.021+0100:   user.language = fr
2011-12-21 19:23:29.021+0100:   awt.toolkit = sun.lwawt.macosx.LWCToolkit
2011-12-21 19:23:29.021+0100:   file.separator = /
2011-12-21 19:23:29.022+0100:   sun.io.unicode.encoding = UnicodeBig
2011-12-21 19:23:29.022+0100:   sun.cpu.endian = little
2011-12-21 19:23:29.022+0100:   socksNonProxyHosts = localhost|*.localhost|127.0.0.1
2011-12-21 19:23:29.022+0100:   ftp.nonProxyHosts = localhost|*.localhost|127.0.0.1
2011-12-21 19:23:29.022+0100:   sun.cpu.isalist = 
2011-12-21 19:23:29.022+0100: Neo4j Kernel properties:
2011-12-21 19:23:29.022+0100:   store_dir=/Users/mikael/developpement/java/workspace/cda2neo4j/neo4j-store
2011-12-21 19:23:29.022+0100:   logical_log=/Users/mikael/developpement/java/workspace/cda2neo4j/neo4j-store/nioneo_logical.log
2011-12-21 19:23:29.022+0100:   node_auto_indexing=false
2011-12-21 19:23:29.022+0100:   neostore.relationshipstore.db.mapped_memory=100M
2011-12-21 19:23:29.022+0100:   neostore.nodestore.db.mapped_memory=20M
2011-12-21 19:23:29.022+0100:   use_memory_mapped_buffers=true
2011-12-21 19:23:29.022+0100:   rebuild_idgenerators_fast=true
2011-12-21 19:23:29.022+0100:   neostore.propertystore.db.index.keys.mapped_memory=1M
2011-12-21 19:23:29.022+0100:   neostore.propertystore.db.arrays.mapped_memory=130M
2011-12-21 19:23:29.023+0100:   neostore.propertystore.db.strings.mapped_memory=130M
2011-12-21 19:23:29.023+0100:   neo_store=/Users/mikael/developpement/java/workspace/cda2neo4j/neo4j-store/neostore
2011-12-21 19:23:29.023+0100:   neostore.propertystore.db.index.mapped_memory=1M
2011-12-21 19:23:29.023+0100:   create=true
2011-12-21 19:23:29.023+0100:   neostore.propertystore.db.mapped_memory=90M
2011-12-21 19:23:29.023+0100:   relationship_auto_indexing=false
2011-12-21 19:23:29.023+0100: Storage files:
2011-12-21 19:23:29.024+0100:   active_tx_log: 11,00 B
2011-12-21 19:23:29.024+0100:   index:
2011-12-21 19:23:29.024+0100:     lucene:
2011-12-21 19:23:29.024+0100:       node:
2011-12-21 19:23:29.024+0100:         nodes:
2011-12-21 19:23:29.026+0100:           _0.fdt: 621,22 kB
2011-12-21 19:23:29.026+0100:           _0.fdx: 76,35 kB
2011-12-21 19:23:29.029+0100:           _0.fnm: 23,00 B
2011-12-21 19:23:29.029+0100:           _0.frq: 39,85 kB
2011-12-21 19:23:29.029+0100:           _0.nrm: 19,09 kB
2011-12-21 19:23:29.029+0100:           _0.prx: 19,09 kB
2011-12-21 19:23:29.030+0100:           _0.tii: 2,39 kB
2011-12-21 19:23:29.030+0100:           _0.tis: 170,61 kB
2011-12-21 19:23:29.030+0100:           _1.fdt: 631,62 kB
2011-12-21 19:23:29.030+0100:           _1.fdx: 76,35 kB
2011-12-21 19:23:29.030+0100:           _1.fnm: 23,00 B
2011-12-21 19:23:29.031+0100:           _1.frq: 39,87 kB
2011-12-21 19:23:29.031+0100:           _1.nrm: 19,09 kB
2011-12-21 19:23:29.031+0100:           _1.prx: 19,09 kB
2011-12-21 19:23:29.031+0100:           _1.tii: 2,40 kB
2011-12-21 19:23:29.031+0100:           _1.tis: 171,67 kB
2011-12-21 19:23:29.032+0100:           segments.gen: 20,00 B
2011-12-21 19:23:29.032+0100:           segments_2: 434,00 B
2011-12-21 19:23:29.032+0100:         - Total: 1,86 MB
2011-12-21 19:23:29.032+0100:       - Total: 1,86 MB
2011-12-21 19:23:29.032+0100:     - Total: 1,86 MB
2011-12-21 19:23:29.033+0100:     lucene-store.db: 32,00 B
2011-12-21 19:23:29.033+0100:     lucene.log.1: 16,00 B
2011-12-21 19:23:29.033+0100:     lucene.log.active: 4,00 B
2011-12-21 19:23:29.033+0100:   - Total: 1,86 MB
2011-12-21 19:23:29.033+0100:   index.db: 103,00 B
2011-12-21 19:23:29.034+0100:   lock: 0,00 B
2011-12-21 19:23:29.034+0100:   messages.log: 41,95 kB
2011-12-21 19:23:29.034+0100:   neostore: 54,00 B
2011-12-21 19:23:29.034+0100:   neostore.id: 9,00 B
2011-12-21 19:23:29.034+0100:   neostore.nodestore.db: 171,78 kB
2011-12-21 19:23:29.035+0100:   neostore.nodestore.db.id: 9,00 B
2011-12-21 19:23:29.035+0100:   neostore.propertystore.db: 782,52 kB
2011-12-21 19:23:29.035+0100:   neostore.propertystore.db.arrays: 128,00 B
2011-12-21 19:23:29.035+0100:   neostore.propertystore.db.arrays.id: 9,00 B
2011-12-21 19:23:29.036+0100:   neostore.propertystore.db.id: 9,00 B
2011-12-21 19:23:29.036+0100:   neostore.propertystore.db.index: 1,02 kB
2011-12-21 19:23:29.036+0100:   neostore.propertystore.db.index.id: 9,00 B
2011-12-21 19:23:29.036+0100:   neostore.propertystore.db.index.keys: 1,00 kB
2011-12-21 19:23:29.036+0100:   neostore.propertystore.db.index.keys.id: 9,00 B
2011-12-21 19:23:29.037+0100:   neostore.propertystore.db.strings: 2,18 MB
2011-12-21 19:23:29.037+0100:   neostore.propertystore.db.strings.id: 9,00 B
2011-12-21 19:23:29.037+0100:   neostore.relationshipstore.db: 341,47 kB
2011-12-21 19:23:29.037+0100:   neostore.relationshipstore.db.id: 9,00 B
2011-12-21 19:23:29.037+0100:   neostore.relationshiptypestore.db: 10,00 B
2011-12-21 19:23:29.038+0100:   neostore.relationshiptypestore.db.id: 9,00 B
2011-12-21 19:23:29.038+0100:   neostore.relationshiptypestore.db.names: 114,00 B
2011-12-21 19:23:29.038+0100:   neostore.relationshiptypestore.db.names.id: 9,00 B
2011-12-21 19:23:29.038+0100:   nioneo_logical.log.1: 16,00 B
2011-12-21 19:23:29.038+0100:   nioneo_logical.log.active: 4,00 B
2011-12-21 19:23:29.039+0100:   tm_tx_log.1: 0,00 B
2011-12-21 19:23:29.039+0100: Id usage:
2011-12-21 19:23:29.039+0100:   NodeStore: used=19545 high=19544
2011-12-21 19:23:29.039+0100:   RelationshipStore: used=10596 high=10595
2011-12-21 19:23:29.039+0100:   RelationshipTypeStore: used=2 high=1
2011-12-21 19:23:29.040+0100:   PropertyStore: used=19544 high=19543
2011-12-21 19:23:29.040+0100:   PropertyIndexStore: used=1 high=0
2011-12-21 19:23:29.040+0100:   StringPropertyStore: used=17869 high=17868
2011-12-21 19:23:29.040+0100:   ArrayPropertyStore: used=1 high=0
2011-12-21 19:23:29.040+0100: --- CONFIGURATION END ---
2011-12-21 19:23:29.044+0100: Extension org.neo4j.kernel.KernelExtension[kernel udc] loaded ok
2011-12-21 19:23:29.130+0100: Extension org.neo4j.kernel.KernelExtension[kernel jmx] loaded ok
2011-12-21 19:23:31.794+0100: Closed log /Users/mikael/developpement/java/workspace/cda2neo4j/neo4j-store/nioneo_logical.log
2011-12-21 19:23:31.802+0100: NeoStore closed
2011-12-21 19:23:31.966+0100: Closed log /Users/mikael/developpement/java/workspace/cda2neo4j/neo4j-store/index/lucene.log
2011-12-21 19:23:31.967+0100: NeoStore closed
2011-12-21 19:23:31.968+0100: TM shutting down
